\BOOKMARK [0][-]{chapter.1}{Introducci\363n}{}% 1
\BOOKMARK [1][-]{section.1.1}{Motivaci\363n}{chapter.1}% 2
\BOOKMARK [1][-]{section.1.2}{Estado del arte}{chapter.1}% 3
\BOOKMARK [1][-]{section.1.3}{Objetivos}{chapter.1}% 4
\BOOKMARK [1][-]{section.1.4}{Aportaciones}{chapter.1}% 5
\BOOKMARK [1][-]{section.1.5}{Estructura de los contenidos}{chapter.1}% 6
\BOOKMARK [0][-]{chapter.2}{Juegos}{}% 7
\BOOKMARK [1][-]{section.2.1}{Caracter\355sticas de los juegos}{chapter.2}% 8
\BOOKMARK [1][-]{section.2.2}{Juegos como problemas de b\372squeda con adversarios}{chapter.2}% 9
\BOOKMARK [1][-]{section.2.3}{El juego del Conecta-4}{chapter.2}% 10
\BOOKMARK [2][-]{subsection.2.3.1}{Reglas del juego}{section.2.3}% 11
\BOOKMARK [1][-]{section.2.4}{El juego del Go}{chapter.2}% 12
\BOOKMARK [2][-]{subsection.2.4.1}{Reglas del juego}{section.2.4}% 13
\BOOKMARK [0][-]{chapter.3}{Estrategias}{}% 14
\BOOKMARK [1][-]{section.3.1}{Agentes}{chapter.3}% 15
\BOOKMARK [1][-]{section.3.2}{El medio}{chapter.3}% 16
\BOOKMARK [1][-]{section.3.3}{Agentes para juegos}{chapter.3}% 17
\BOOKMARK [1][-]{section.3.4}{B\372squeda de una estrategia ganadora}{chapter.3}% 18
\BOOKMARK [1][-]{section.3.5}{Estrategias}{chapter.3}% 19
\BOOKMARK [2][-]{subsection.3.5.1}{Aleatoria}{section.3.5}% 20
\BOOKMARK [2][-]{subsection.3.5.2}{Evaluador heur\355stico}{section.3.5}% 21
\BOOKMARK [2][-]{subsection.3.5.3}{Minimax}{section.3.5}% 22
\BOOKMARK [2][-]{subsection.3.5.4}{Poda alfa-beta}{section.3.5}% 23
\BOOKMARK [2][-]{subsection.3.5.5}{Tablas de transposici\363n}{section.3.5}% 24
\BOOKMARK [2][-]{subsection.3.5.6}{Monte-Carlo}{section.3.5}% 25
\BOOKMARK [2][-]{subsection.3.5.7}{Monte-Carlo Tree Search}{section.3.5}% 26
\BOOKMARK [0][-]{chapter.4}{Heur\355sticos}{}% 27
\BOOKMARK [1][-]{section.4.1}{Funci\363n de evaluaci\363n heur\355stica}{chapter.4}% 28
\BOOKMARK [1][-]{section.4.2}{Aprendizaje con refuerzo}{chapter.4}% 29
\BOOKMARK [2][-]{subsection.4.2.1}{M\351todo de las diferencias temporales}{section.4.2}% 30
\BOOKMARK [1][-]{section.4.3}{Tabla de Valor}{chapter.4}% 31
\BOOKMARK [1][-]{section.4.4}{Red Neuronal}{chapter.4}% 32
\BOOKMARK [1][-]{section.4.5}{Heur\355sticos para el Conecta-4}{chapter.4}% 33
\BOOKMARK [2][-]{subsection.4.5.1}{Matriz de posibilidades}{section.4.5}% 34
\BOOKMARK [2][-]{subsection.4.5.2}{Red neuronal para el Conecta-4}{section.4.5}% 35
\BOOKMARK [1][-]{section.4.6}{Heur\355sticos para el Go}{chapter.4}% 36
\BOOKMARK [2][-]{subsection.4.6.1}{Evaluador de territorios}{section.4.6}% 37
\BOOKMARK [2][-]{subsection.4.6.2}{Evaluador de puntos JP}{section.4.6}% 38
\BOOKMARK [2][-]{subsection.4.6.3}{Evaluador de puntos CH}{section.4.6}% 39
\BOOKMARK [2][-]{subsection.4.6.4}{Red neuronal para el Go}{section.4.6}% 40
\BOOKMARK [0][-]{chapter.5}{Especificaci\363n}{}% 41
\BOOKMARK [1][-]{section.5.1}{Requisitos}{chapter.5}% 42
\BOOKMARK [2][-]{subsection.5.1.1}{M\363dulo de razonamiento}{section.5.1}% 43
\BOOKMARK [2][-]{subsection.5.1.2}{Aplicaci\363n interactiva}{section.5.1}% 44
\BOOKMARK [1][-]{section.5.2}{Casos de uso}{chapter.5}% 45
\BOOKMARK [0][-]{chapter.6}{Arquitectura de la aplicaci\363n}{}% 46
\BOOKMARK [1][-]{section.6.1}{M\363dulo de razonamiento}{chapter.6}% 47
\BOOKMARK [2][-]{subsection.6.1.1}{Juegos}{section.6.1}% 48
\BOOKMARK [2][-]{subsection.6.1.2}{Estrategias}{section.6.1}% 49
\BOOKMARK [2][-]{subsection.6.1.3}{Heur\355sticos}{section.6.1}% 50
\BOOKMARK [2][-]{subsection.6.1.4}{Marco de trabajo}{section.6.1}% 51
\BOOKMARK [1][-]{section.6.2}{Aplicaci\363n interactiva}{chapter.6}% 52
\BOOKMARK [0][-]{chapter.7}{Experimentaci\363n}{}% 53
\BOOKMARK [1][-]{section.7.1}{Comparativa de evaluadores heur\355sticos}{chapter.7}% 54
\BOOKMARK [2][-]{subsection.7.1.1}{Evaluadores del Conecta-4}{section.7.1}% 55
\BOOKMARK [2][-]{subsection.7.1.2}{Evaluadores del Go}{section.7.1}% 56
\BOOKMARK [2][-]{subsection.7.1.3}{Entrenamientos}{section.7.1}% 57
\BOOKMARK [1][-]{section.7.2}{Comparativa de estrategias}{chapter.7}% 58
\BOOKMARK [2][-]{subsection.7.2.1}{Minimax y Alfa-Beta}{section.7.2}% 59
\BOOKMARK [2][-]{subsection.7.2.2}{Monte-Carlo y Monte-Carlo Tree Search}{section.7.2}% 60
\BOOKMARK [2][-]{subsection.7.2.3}{Comparativa de estrategias en el Go}{section.7.2}% 61
\BOOKMARK [0][-]{chapter.8}{Conclusiones y trabajo futuro}{}% 62
\BOOKMARK [1][-]{section.8.1}{Conclusiones}{chapter.8}% 63
\BOOKMARK [1][-]{section.8.2}{Trabajo futuro}{chapter.8}% 64
\BOOKMARK [2][-]{subsection.8.2.1}{Extensiones del proyecto}{section.8.2}% 65
\BOOKMARK [2][-]{subsection.8.2.2}{Aplicaci\363n a otras \341reas}{section.8.2}% 66
\BOOKMARK [0][-]{section*.67}{Ap\351ndices}{}% 67
\BOOKMARK [0][-]{appendix.Alph1}{Manual de usuario}{}% 68
\BOOKMARK [1][-]{section.Alph1.1}{Instalaci\363n}{appendix.Alph1}% 69
\BOOKMARK [2][-]{subsection.Alph1.1.1}{Requisitos m\355nimos}{section.Alph1.1}% 70
\BOOKMARK [1][-]{section.Alph1.2}{Ejecuci\363n}{appendix.Alph1}% 71
\BOOKMARK [1][-]{section.Alph1.3}{Funcionamiento}{appendix.Alph1}% 72
\BOOKMARK [2][-]{subsection.Alph1.3.1}{Selecci\363n y configuraci\363n del juego}{section.Alph1.3}% 73
\BOOKMARK [2][-]{subsection.Alph1.3.2}{Selecci\363n y configuraci\363n de los jugadores}{section.Alph1.3}% 74
\BOOKMARK [2][-]{subsection.Alph1.3.3}{Modos de uso de la aplicaci\363n}{section.Alph1.3}% 75
\BOOKMARK [2][-]{subsection.Alph1.3.4}{Estad\355sticas}{section.Alph1.3}% 76
\BOOKMARK [0][-]{appendix.Alph2}{Desarrollo de nuevos juegos, estrategias y heur\355sticos}{}% 77
\BOOKMARK [1][-]{section.Alph2.1}{Desarrollo de juegos}{appendix.Alph2}% 78
\BOOKMARK [2][-]{subsection.Alph2.1.1}{Extensi\363n del m\363dulo de juegos}{section.Alph2.1}% 79
\BOOKMARK [2][-]{subsection.Alph2.1.2}{Extensi\363n de la aplicaci\363n para juegos}{section.Alph2.1}% 80
\BOOKMARK [1][-]{section.Alph2.2}{Desarrollo de estrategias}{appendix.Alph2}% 81
\BOOKMARK [2][-]{subsection.Alph2.2.1}{Extensi\363n del m\363dulo de estrategias}{section.Alph2.2}% 82
\BOOKMARK [2][-]{subsection.Alph2.2.2}{Extensi\363n de la aplicaci\363n para estrategias}{section.Alph2.2}% 83
\BOOKMARK [1][-]{section.Alph2.3}{Desarrollo de heur\355sticos}{appendix.Alph2}% 84
\BOOKMARK [2][-]{subsection.Alph2.3.1}{Extensi\363n del m\363dulo de evaluadores heur\355sticos}{section.Alph2.3}% 85
\BOOKMARK [2][-]{subsection.Alph2.3.2}{Extensi\363n de la aplicaci\363n para heur\355sticos}{section.Alph2.3}% 86
\BOOKMARK [1][-]{section.Alph2.4}{Sistema de ayuda}{appendix.Alph2}% 87
\BOOKMARK [0][-]{section.Alph2.4}{Referencias}{}% 88
\BOOKMARK [0][-]{appendix*.82}{Bibliograf\355a}{}% 89
