This is pdfTeX, Version 3.1415926-2.3-1.40.12 (MiKTeX 2.9) (preloaded format=latex 2012.1.20)  23 APR 2012 23:13
entering extended mode
**pfc.tex
(H:\ProyectoFinCarrera\Memoria\pfc.tex
LaTeX2e <2011/06/27>
Babel <v3.8m> and hyphenation patterns for english, afrikaans, ancientgreek, ar
abic, armenian, assamese, basque, bengali, bokmal, bulgarian, catalan, coptic, 
croatian, czech, danish, dutch, esperanto, estonian, farsi, finnish, french, ga
lician, german, german-x-2009-06-19, greek, gujarati, hindi, hungarian, iceland
ic, indonesian, interlingua, irish, italian, kannada, kurmanji, lao, latin, lat
vian, lithuanian, malayalam, marathi, mongolian, mongolianlmc, monogreek, ngerm
an, ngerman-x-2009-06-19, nynorsk, oriya, panjabi, pinyin, polish, portuguese, 
romanian, russian, sanskrit, serbian, slovak, slovenian, spanish, swedish, swis
sgerman, tamil, telugu, turkish, turkmen, ukenglish, ukrainian, uppersorbian, u
senglishmax, welsh, loaded.
("C:\Program Files (x86)\MiKTeX 2.9\tex\latex\base\report.cls"
Document Class: report 2007/10/19 v1.4h Standard LaTeX document class
("C:\Program Files (x86)\MiKTeX 2.9\tex\latex\base\size12.clo"
File: size12.clo 2007/10/19 v1.4h Standard LaTeX file (size option)
)
\c@part=\count79
\c@chapter=\count80
\c@section=\count81
\c@subsection=\count82
\c@subsubsection=\count83
\c@paragraph=\count84
\c@subparagraph=\count85
\c@figure=\count86
\c@table=\count87
\abovecaptionskip=\skip41
\belowcaptionskip=\skip42
\bibindent=\dimen102
)
(H:\ProyectoFinCarrera\Memoria\estilo\estiloPFC.sty
("C:\Program Files (x86)\MiKTeX 2.9\tex\latex\geometry\geometry.sty"
Package: geometry 2010/09/12 v5.6 Page Geometry

("C:\Program Files (x86)\MiKTeX 2.9\tex\latex\graphics\keyval.sty"
Package: keyval 1999/03/16 v1.13 key=value parser (DPC)
\KV@toks@=\toks14
)
("C:\Program Files (x86)\MiKTeX 2.9\tex\generic\oberdiek\ifpdf.sty"
Package: ifpdf 2011/01/30 v2.3 Provides the ifpdf switch (HO)
Package ifpdf Info: pdfTeX in PDF mode is not detected.
)
("C:\Program Files (x86)\MiKTeX 2.9\tex\generic\oberdiek\ifvtex.sty"
Package: ifvtex 2010/03/01 v1.5 Switches for detecting VTeX and its modes (HO)
Package ifvtex Info: VTeX not detected.
)
("C:\Program Files (x86)\MiKTeX 2.9\tex\generic\ifxetex\ifxetex.sty"
Package: ifxetex 2010/09/12 v0.6 Provides ifxetex conditional
)
\Gm@cnth=\count88
\Gm@cntv=\count89
\c@Gm@tempcnt=\count90
\Gm@bindingoffset=\dimen103
\Gm@wd@mp=\dimen104
\Gm@odd@mp=\dimen105
\Gm@even@mp=\dimen106
\Gm@layoutwidth=\dimen107
\Gm@layoutheight=\dimen108
\Gm@layouthoffset=\dimen109
\Gm@layoutvoffset=\dimen110
\Gm@dimlist=\toks15

("C:\Program Files (x86)\MiKTeX 2.9\tex\latex\geometry\geometry.cfg"))
("C:\Program Files (x86)\MiKTeX 2.9\tex\latex\psnfss\mathptmx.sty"
Package: mathptmx 2005/04/12 PSNFSS-v9.2a Times w/ Math, improved (SPQR, WaS) 
LaTeX Font Info:    Redeclaring symbol font `operators' on input line 28.
LaTeX Font Info:    Overwriting symbol font `operators' in version `normal'
(Font)                  OT1/cmr/m/n --> OT1/ztmcm/m/n on input line 28.
LaTeX Font Info:    Overwriting symbol font `operators' in version `bold'
(Font)                  OT1/cmr/bx/n --> OT1/ztmcm/m/n on input line 28.
LaTeX Font Info:    Redeclaring symbol font `letters' on input line 29.
LaTeX Font Info:    Overwriting symbol font `letters' in version `normal'
(Font)                  OML/cmm/m/it --> OML/ztmcm/m/it on input line 29.
LaTeX Font Info:    Overwriting symbol font `letters' in version `bold'
(Font)                  OML/cmm/b/it --> OML/ztmcm/m/it on input line 29.
LaTeX Font Info:    Redeclaring symbol font `symbols' on input line 30.
LaTeX Font Info:    Overwriting symbol font `symbols' in version `normal'
(Font)                  OMS/cmsy/m/n --> OMS/ztmcm/m/n on input line 30.
LaTeX Font Info:    Overwriting symbol font `symbols' in version `bold'
(Font)                  OMS/cmsy/b/n --> OMS/ztmcm/m/n on input line 30.
LaTeX Font Info:    Redeclaring symbol font `largesymbols' on input line 31.
LaTeX Font Info:    Overwriting symbol font `largesymbols' in version `normal'
(Font)                  OMX/cmex/m/n --> OMX/ztmcm/m/n on input line 31.
LaTeX Font Info:    Overwriting symbol font `largesymbols' in version `bold'
(Font)                  OMX/cmex/m/n --> OMX/ztmcm/m/n on input line 31.
\symbold=\mathgroup4
\symitalic=\mathgroup5
LaTeX Font Info:    Redeclaring math alphabet \mathbf on input line 34.
LaTeX Font Info:    Overwriting math alphabet `\mathbf' in version `normal'
(Font)                  OT1/cmr/bx/n --> OT1/ptm/bx/n on input line 34.
LaTeX Font Info:    Overwriting math alphabet `\mathbf' in version `bold'
(Font)                  OT1/cmr/bx/n --> OT1/ptm/bx/n on input line 34.
LaTeX Font Info:    Redeclaring math alphabet \mathit on input line 35.
LaTeX Font Info:    Overwriting math alphabet `\mathit' in version `normal'
(Font)                  OT1/cmr/m/it --> OT1/ptm/m/it on input line 35.
LaTeX Font Info:    Overwriting math alphabet `\mathit' in version `bold'
(Font)                  OT1/cmr/bx/it --> OT1/ptm/m/it on input line 35.
LaTeX Info: Redefining \hbar on input line 50.
)
("C:\Program Files (x86)\MiKTeX 2.9\tex\latex\base\inputenc.sty"
Package: inputenc 2008/03/30 v1.1d Input encoding file
\inpenc@prehook=\toks16
\inpenc@posthook=\toks17

("C:\Program Files (x86)\MiKTeX 2.9\tex\latex\unicode\utf8x.def"
File: utf8x.def 2004/10/17 UCS: Input encoding UTF-8
))
("C:\Program Files (x86)\MiKTeX 2.9\tex\latex\unicode\ucs.sty"
Package: ucs 2004/10/17 UCS: Unicode input support

("C:\Program Files (x86)\MiKTeX 2.9\tex\latex\unicode\data\uni-global.def"
File: uni-global.def 2004/10/17 UCS: Unicode global data
)
\uc@secondtry=\count91
\uc@combtoks=\toks18
\uc@combtoksb=\toks19
\uc@temptokena=\toks20
)
("C:\Program Files (x86)\MiKTeX 2.9\tex\latex\base\fontenc.sty"
Package: fontenc 2005/09/27 v1.99g Standard LaTeX package

("C:\Program Files (x86)\MiKTeX 2.9\tex\latex\base\t1enc.def"
File: t1enc.def 2005/09/27 v1.99g Standard LaTeX file
LaTeX Font Info:    Redeclaring font encoding T1 on input line 43.
))
("C:\Program Files (x86)\MiKTeX 2.9\tex\latex\base\textcomp.sty"
Package: textcomp 2005/09/27 v1.99g Standard LaTeX package
Package textcomp Info: Sub-encoding information:
(textcomp)               5 = only ISO-Adobe without \textcurrency
(textcomp)               4 = 5 + \texteuro
(textcomp)               3 = 4 + \textohm
(textcomp)               2 = 3 + \textestimated + \textcurrency
(textcomp)               1 = TS1 - \textcircled - \t
(textcomp)               0 = TS1 (full)
(textcomp)             Font families with sub-encoding setting implement
(textcomp)             only a restricted character set as indicated.
(textcomp)             Family '?' is the default used for unknown fonts.
(textcomp)             See the documentation for details.
Package textcomp Info: Setting ? sub-encoding to TS1/1 on input line 71.

("C:\Program Files (x86)\MiKTeX 2.9\tex\latex\base\ts1enc.def"
File: ts1enc.def 2001/06/05 v3.0e (jk/car/fm) Standard LaTeX file
)
LaTeX Info: Redefining \oldstylenums on input line 266.
Package textcomp Info: Setting cmr sub-encoding to TS1/0 on input line 281.
Package textcomp Info: Setting cmss sub-encoding to TS1/0 on input line 282.
Package textcomp Info: Setting cmtt sub-encoding to TS1/0 on input line 283.
Package textcomp Info: Setting cmvtt sub-encoding to TS1/0 on input line 284.
Package textcomp Info: Setting cmbr sub-encoding to TS1/0 on input line 285.
Package textcomp Info: Setting cmtl sub-encoding to TS1/0 on input line 286.
Package textcomp Info: Setting ccr sub-encoding to TS1/0 on input line 287.
Package textcomp Info: Setting ptm sub-encoding to TS1/4 on input line 288.
Package textcomp Info: Setting pcr sub-encoding to TS1/4 on input line 289.
Package textcomp Info: Setting phv sub-encoding to TS1/4 on input line 290.
Package textcomp Info: Setting ppl sub-encoding to TS1/3 on input line 291.
Package textcomp Info: Setting pag sub-encoding to TS1/4 on input line 292.
Package textcomp Info: Setting pbk sub-encoding to TS1/4 on input line 293.
Package textcomp Info: Setting pnc sub-encoding to TS1/4 on input line 294.
Package textcomp Info: Setting pzc sub-encoding to TS1/4 on input line 295.
Package textcomp Info: Setting bch sub-encoding to TS1/4 on input line 296.
Package textcomp Info: Setting put sub-encoding to TS1/5 on input line 297.
Package textcomp Info: Setting uag sub-encoding to TS1/5 on input line 298.
Package textcomp Info: Setting ugq sub-encoding to TS1/5 on input line 299.
Package textcomp Info: Setting ul8 sub-encoding to TS1/4 on input line 300.
Package textcomp Info: Setting ul9 sub-encoding to TS1/4 on input line 301.
Package textcomp Info: Setting augie sub-encoding to TS1/5 on input line 302.
Package textcomp Info: Setting dayrom sub-encoding to TS1/3 on input line 303.
Package textcomp Info: Setting dayroms sub-encoding to TS1/3 on input line 304.

Package textcomp Info: Setting pxr sub-encoding to TS1/0 on input line 305.
Package textcomp Info: Setting pxss sub-encoding to TS1/0 on input line 306.
Package textcomp Info: Setting pxtt sub-encoding to TS1/0 on input line 307.
Package textcomp Info: Setting txr sub-encoding to TS1/0 on input line 308.
Package textcomp Info: Setting txss sub-encoding to TS1/0 on input line 309.
Package textcomp Info: Setting txtt sub-encoding to TS1/0 on input line 310.
Package textcomp Info: Setting lmr sub-encoding to TS1/0 on input line 311.
Package textcomp Info: Setting lmdh sub-encoding to TS1/0 on input line 312.
Package textcomp Info: Setting lmss sub-encoding to TS1/0 on input line 313.
Package textcomp Info: Setting lmssq sub-encoding to TS1/0 on input line 314.
Package textcomp Info: Setting lmvtt sub-encoding to TS1/0 on input line 315.
Package textcomp Info: Setting qhv sub-encoding to TS1/0 on input line 316.
Package textcomp Info: Setting qag sub-encoding to TS1/0 on input line 317.
Package textcomp Info: Setting qbk sub-encoding to TS1/0 on input line 318.
Package textcomp Info: Setting qcr sub-encoding to TS1/0 on input line 319.
Package textcomp Info: Setting qcs sub-encoding to TS1/0 on input line 320.
Package textcomp Info: Setting qpl sub-encoding to TS1/0 on input line 321.
Package textcomp Info: Setting qtm sub-encoding to TS1/0 on input line 322.
Package textcomp Info: Setting qzc sub-encoding to TS1/0 on input line 323.
Package textcomp Info: Setting qhvc sub-encoding to TS1/0 on input line 324.
Package textcomp Info: Setting futs sub-encoding to TS1/4 on input line 325.
Package textcomp Info: Setting futx sub-encoding to TS1/4 on input line 326.
Package textcomp Info: Setting futj sub-encoding to TS1/4 on input line 327.
Package textcomp Info: Setting hlh sub-encoding to TS1/3 on input line 328.
Package textcomp Info: Setting hls sub-encoding to TS1/3 on input line 329.
Package textcomp Info: Setting hlst sub-encoding to TS1/3 on input line 330.
Package textcomp Info: Setting hlct sub-encoding to TS1/5 on input line 331.
Package textcomp Info: Setting hlx sub-encoding to TS1/5 on input line 332.
Package textcomp Info: Setting hlce sub-encoding to TS1/5 on input line 333.
Package textcomp Info: Setting hlcn sub-encoding to TS1/5 on input line 334.
Package textcomp Info: Setting hlcw sub-encoding to TS1/5 on input line 335.
Package textcomp Info: Setting hlcf sub-encoding to TS1/5 on input line 336.
Package textcomp Info: Setting pplx sub-encoding to TS1/3 on input line 337.
Package textcomp Info: Setting pplj sub-encoding to TS1/3 on input line 338.
Package textcomp Info: Setting ptmx sub-encoding to TS1/4 on input line 339.
Package textcomp Info: Setting ptmj sub-encoding to TS1/4 on input line 340.
)
("C:\Program Files (x86)\MiKTeX 2.9\tex\generic\babel\babel.sty"
Package: babel 2008/07/08 v3.8m The Babel package

*************************************
* Local config file bblopts.cfg used
*
("C:\Program Files (x86)\MiKTeX 2.9\tex\latex\00miktex\bblopts.cfg"
File: bblopts.cfg 2006/07/31 v1.0 MiKTeX 'babel' configuration
)
("C:\Program Files (x86)\MiKTeX 2.9\tex\generic\babel\english.ldf"
Language: english 2005/03/30 v3.3o English support from the babel system

("C:\Program Files (x86)\MiKTeX 2.9\tex\generic\babel\babel.def"
File: babel.def 2008/07/08 v3.8m Babel common definitions
\babel@savecnt=\count92
\U@D=\dimen111
)
\l@canadian = a dialect from \language\l@american 
\l@australian = a dialect from \language\l@british 
\l@newzealand = a dialect from \language\l@british 
)
("C:\Program Files (x86)\MiKTeX 2.9\tex\generic\babel\spanish.ldf"
Language: spanish.ldf 2009/01/02 v5.0h Spanish support from the babel system
\es@datefmt=\count93
\es@quottoks=\toks21
\es@quotdepth=\count94
Package babel Info: Making " an active character on input line 492.
Package babel Info: Making . an active character on input line 585.
Package babel Info: Making < an active character on input line 630.
Package babel Info: Making > an active character on input line 630.
))
("C:\Program Files (x86)\MiKTeX 2.9\tex\latex\setspace\setspace.sty"
Package: setspace 2011/12/19 v6.7a set line spacing
)
("C:\Program Files (x86)\MiKTeX 2.9\tex\latex\graphics\graphicx.sty"
Package: graphicx 1999/02/16 v1.0f Enhanced LaTeX Graphics (DPC,SPQR)

("C:\Program Files (x86)\MiKTeX 2.9\tex\latex\graphics\graphics.sty"
Package: graphics 2009/02/05 v1.0o Standard LaTeX Graphics (DPC,SPQR)

("C:\Program Files (x86)\MiKTeX 2.9\tex\latex\graphics\trig.sty"
Package: trig 1999/03/16 v1.09 sin cos tan (DPC)
)
("C:\Program Files (x86)\MiKTeX 2.9\tex\latex\00miktex\graphics.cfg"
File: graphics.cfg 2007/01/18 v1.5 graphics configuration of teTeX/TeXLive
)
Package graphics Info: Driver file: dvips.def on input line 91.

("C:\Program Files (x86)\MiKTeX 2.9\tex\latex\graphics\dvips.def"
File: dvips.def 1999/02/16 v3.0i Driver-dependant file (DPC,SPQR)
))
\Gin@req@height=\dimen112
\Gin@req@width=\dimen113
)
("C:\Program Files (x86)\MiKTeX 2.9\tex\latex\subfig\subfig.sty"
Package: subfig 2005/06/28 ver: 1.3 subfig package

("C:\Program Files (x86)\MiKTeX 2.9\tex\latex\caption\caption.sty"
Package: caption 2011/11/10 v3.2e Customizing captions (AR)

("C:\Program Files (x86)\MiKTeX 2.9\tex\latex\caption\caption3.sty"
Package: caption3 2011/11/01 v1.4a caption3 kernel (AR)
\captionmargin=\dimen114
\captionmargin@=\dimen115
\captionwidth=\dimen116
\caption@indent=\dimen117
\caption@parindent=\dimen118
\caption@hangindent=\dimen119
)
\c@ContinuedFloat=\count95
)
\c@KVtest=\count96
\sf@farskip=\skip43
\sf@captopadj=\dimen120
\sf@capskip=\skip44
\sf@nearskip=\skip45
\c@subfigure=\count97
\c@subfigure@save=\count98
\c@lofdepth=\count99
\c@subtable=\count100
\c@subtable@save=\count101
\c@lotdepth=\count102
\sf@top=\skip46
\sf@bottom=\skip47
)
("C:\Program Files (x86)\MiKTeX 2.9\tex\latex\base\latexsym.sty"
Package: latexsym 1998/08/17 v2.2e Standard LaTeX package (lasy symbols)
\symlasy=\mathgroup6
LaTeX Font Info:    Overwriting symbol font `lasy' in version `bold'
(Font)                  U/lasy/m/n --> U/lasy/b/n on input line 47.
)
("C:\Program Files (x86)\MiKTeX 2.9\tex\latex\dstroke\dsfont.sty"
Package: dsfont 1995/08/01 v0.1 Double stroke roman fonts
)
("C:\Program Files (x86)\MiKTeX 2.9\tex\latex\ams\math\amsmath.sty"
Package: amsmath 2000/07/18 v2.13 AMS math features
\@mathmargin=\skip48

For additional information on amsmath, use the `?' option.
("C:\Program Files (x86)\MiKTeX 2.9\tex\latex\ams\math\amstext.sty"
Package: amstext 2000/06/29 v2.01

("C:\Program Files (x86)\MiKTeX 2.9\tex\latex\ams\math\amsgen.sty"
File: amsgen.sty 1999/11/30 v2.0
\@emptytoks=\toks22
\ex@=\dimen121
))
("C:\Program Files (x86)\MiKTeX 2.9\tex\latex\ams\math\amsbsy.sty"
Package: amsbsy 1999/11/29 v1.2d
\pmbraise@=\dimen122
)
("C:\Program Files (x86)\MiKTeX 2.9\tex\latex\ams\math\amsopn.sty"
Package: amsopn 1999/12/14 v2.01 operator names
)
\inf@bad=\count103
LaTeX Info: Redefining \frac on input line 211.
\uproot@=\count104
\leftroot@=\count105
LaTeX Info: Redefining \overline on input line 307.
\classnum@=\count106
\DOTSCASE@=\count107
LaTeX Info: Redefining \ldots on input line 379.
LaTeX Info: Redefining \dots on input line 382.
LaTeX Info: Redefining \cdots on input line 467.
\Mathstrutbox@=\box26
\strutbox@=\box27
\big@size=\dimen123
LaTeX Font Info:    Redeclaring font encoding OML on input line 567.
LaTeX Font Info:    Redeclaring font encoding OMS on input line 568.
\macc@depth=\count108
\c@MaxMatrixCols=\count109
\dotsspace@=\muskip10
\c@parentequation=\count110
\dspbrk@lvl=\count111
\tag@help=\toks23
\row@=\count112
\column@=\count113
\maxfields@=\count114
\andhelp@=\toks24
\eqnshift@=\dimen124
\alignsep@=\dimen125
\tagshift@=\dimen126
\tagwidth@=\dimen127
\totwidth@=\dimen128
\lineht@=\dimen129
\@envbody=\toks25
\multlinegap=\skip49
\multlinetaggap=\skip50
\mathdisplay@stack=\toks26
LaTeX Info: Redefining \[ on input line 2666.
LaTeX Info: Redefining \] on input line 2667.
)
("C:\Program Files (x86)\MiKTeX 2.9\tex\latex\amsfonts\amssymb.sty"
Package: amssymb 2009/06/22 v3.00

("C:\Program Files (x86)\MiKTeX 2.9\tex\latex\amsfonts\amsfonts.sty"
Package: amsfonts 2009/06/22 v3.00 Basic AMSFonts support
\symAMSa=\mathgroup7
\symAMSb=\mathgroup8
LaTeX Font Info:    Overwriting math alphabet `\mathfrak' in version `bold'
(Font)                  U/euf/m/n --> U/euf/b/n on input line 96.
))
("C:\Program Files (x86)\MiKTeX 2.9\tex\latex\hyperref\hyperref.sty"
Package: hyperref 2011/12/04 v6.82m Hypertext links for LaTeX

("C:\Program Files (x86)\MiKTeX 2.9\tex\generic\oberdiek\hobsub-hyperref.sty"
Package: hobsub-hyperref 2011/04/23 v1.4 Bundle oberdiek, subset hyperref (HO)

("C:\Program Files (x86)\MiKTeX 2.9\tex\generic\oberdiek\hobsub-generic.sty"
Package: hobsub-generic 2011/04/23 v1.4 Bundle oberdiek, subset generic (HO)
Package: hobsub 2011/04/23 v1.4 Subsetting bundle oberdiek (HO)
Package: infwarerr 2010/04/08 v1.3 Providing info/warning/message (HO)
Package: ltxcmds 2011/04/18 v1.20 LaTeX kernel commands for general use (HO)
Package: ifluatex 2010/03/01 v1.3 Provides the ifluatex switch (HO)
Package ifluatex Info: LuaTeX not detected.
Package hobsub Info: Skipping package `ifvtex' (already loaded).
Package: intcalc 2007/09/27 v1.1 Expandable integer calculations (HO)
Package hobsub Info: Skipping package `ifpdf' (already loaded).
Package: etexcmds 2011/02/16 v1.5 Prefix for e-TeX command names (HO)
Package etexcmds Info: Could not find \expanded.
(etexcmds)             That can mean that you are not using pdfTeX 1.50 or
(etexcmds)             that some package has redefined \expanded.
(etexcmds)             In the latter case, load this package earlier.
Package: kvsetkeys 2011/04/07 v1.13 Key value parser (HO)
Package: kvdefinekeys 2011/04/07 v1.3 Defining keys (HO)
Package: pdftexcmds 2011/04/22 v0.16 Utilities of pdfTeX for LuaTeX (HO)
Package pdftexcmds Info: LuaTeX not detected.
Package pdftexcmds Info: \pdf@primitive is available.
Package pdftexcmds Info: \pdf@ifprimitive is available.
Package pdftexcmds Info: \pdfdraftmode is ignored in DVI mode.
Package: pdfescape 2011/04/04 v1.12 Provides string conversions (HO)
Package: bigintcalc 2011/01/30 v1.2 Expandable big integer calculations (HO)
Package: bitset 2011/01/30 v1.1 Data type bit set (HO)
Package: uniquecounter 2011/01/30 v1.2 Provides unlimited unique counter (HO)
)
Package hobsub Info: Skipping package `hobsub' (already loaded).
Package: letltxmacro 2010/09/02 v1.4 Let assignment for LaTeX macros (HO)
Package: hopatch 2011/01/30 v1.0 Wrapper for package hooks (HO)
Package: xcolor-patch 2011/01/30 xcolor patch
Package: atveryend 2011/04/23 v1.7 Hooks at very end of document (HO)
Package: atbegshi 2011/01/30 v1.15 At begin shipout hook (HO)
Package: refcount 2010/12/01 v3.2 Data extraction from references (HO)
Package: hycolor 2011/01/30 v1.7 Color options of hyperref/bookmark (HO)
)
("C:\Program Files (x86)\MiKTeX 2.9\tex\latex\oberdiek\kvoptions.sty"
Package: kvoptions 2010/12/23 v3.10 Keyval support for LaTeX options (HO)
)
\@linkdim=\dimen130
\Hy@linkcounter=\count115
\Hy@pagecounter=\count116

("C:\Program Files (x86)\MiKTeX 2.9\tex\latex\hyperref\pd1enc.def"
File: pd1enc.def 2011/12/04 v6.82m Hyperref: PDFDocEncoding definition (HO)
)
\Hy@SavedSpaceFactor=\count117

("C:\Program Files (x86)\MiKTeX 2.9\tex\latex\00miktex\hyperref.cfg"
File: hyperref.cfg 2002/06/06 v1.2 hyperref configuration of TeXLive
)
Package hyperref Info: Hyper figures OFF on input line 4046.
Package hyperref Info: Link nesting OFF on input line 4051.
Package hyperref Info: Hyper index ON on input line 4054.
Package hyperref Info: Plain pages OFF on input line 4061.
Package hyperref Info: Backreferencing OFF on input line 4066.
Package hyperref Info: Implicit mode ON; LaTeX internals redefined.
Package hyperref Info: Bookmarks ON on input line 4284.
\c@Hy@tempcnt=\count118

("C:\Program Files (x86)\MiKTeX 2.9\tex\latex\ltxmisc\url.sty"
\Urlmuskip=\muskip11
Package: url 2006/04/12  ver 3.3  Verb mode for urls, etc.
)
LaTeX Info: Redefining \url on input line 4637.
\Fld@menulength=\count119
\Field@Width=\dimen131
\Fld@charsize=\dimen132
Package hyperref Info: Hyper figures OFF on input line 5757.
Package hyperref Info: Link nesting OFF on input line 5762.
Package hyperref Info: Hyper index ON on input line 5765.
Package hyperref Info: backreferencing OFF on input line 5772.
Package hyperref Info: Link coloring OFF on input line 5777.
Package hyperref Info: Link coloring with OCG OFF on input line 5782.
Package hyperref Info: PDF/A mode OFF on input line 5787.
LaTeX Info: Redefining \ref on input line 5827.
LaTeX Info: Redefining \pageref on input line 5831.
\Hy@abspage=\count120
\c@Item=\count121
\c@Hfootnote=\count122
)

Package hyperref Message: Driver: hdvipdfm.

("C:\Program Files (x86)\MiKTeX 2.9\tex\latex\hyperref\hdvipdfm.def"
File: hdvipdfm.def 2011/12/04 v6.82m Hyperref driver for dvipdfm
\pdfm@box=\box28
\c@Hy@AnnotLevel=\count123
\HyField@AnnotCount=\count124
\Fld@listcount=\count125
\c@bookmark@seq@number=\count126

("C:\Program Files (x86)\MiKTeX 2.9\tex\latex\oberdiek\rerunfilecheck.sty"
Package: rerunfilecheck 2011/04/15 v1.7 Rerun checks for auxiliary files (HO)
Package uniquecounter Info: New unique counter `rerunfilecheck' on input line 2
82.
)
\Hy@SectionHShift=\skip51
)
("C:\Program Files (x86)\MiKTeX 2.9\tex\latex\tools\enumerate.sty"
Package: enumerate 1999/03/05 v3.00 enumerate extensions (DPC)
\@enLab=\toks27
)
("C:\Program Files (x86)\MiKTeX 2.9\tex\latex\enumitem\enumitem.sty"
Package: enumitem 2011/09/28 v3.5.2 Customized lists
\labelindent=\skip52
\enit@outerparindent=\dimen133
\enit@toks=\toks28
\enit@inbox=\box29
\enitdp@description=\count127
)
("C:\Program Files (x86)\MiKTeX 2.9\tex\latex\appendix\appendix.sty"
Package: appendix 2009/09/02 v1.2b extra appendix facilities
\c@@pps=\count128
\c@@ppsavesec=\count129
\c@@ppsaveapp=\count130
)
("C:\Program Files (x86)\MiKTeX 2.9\tex\latex\multibib\multibib.sty"
Package: multibib 2008/12/10 v1.4 Multiple bibliographies for one document.
\mb@biblabelwidth=\count131
)
\@auxoutref=\write3

(H:\ProyectoFinCarrera\Memoria\ref.aux)) (H:\ProyectoFinCarrera\Memoria\pfc.aux
(H:\ProyectoFinCarrera\Memoria\contenido/pagina1/pagina1.aux)
(H:\ProyectoFinCarrera\Memoria\contenido/pagina2/pagina2.aux)
(H:\ProyectoFinCarrera\Memoria\contenido/cap1/introduccion.aux)
(H:\ProyectoFinCarrera\Memoria\contenido/cap2/juegos.aux)
(H:\ProyectoFinCarrera\Memoria\contenido/cap3/algoritmos.aux)
(H:\ProyectoFinCarrera\Memoria\contenido/cap4/heuristicos.aux)
(H:\ProyectoFinCarrera\Memoria\contenido/cap5/especificacion.aux)
(H:\ProyectoFinCarrera\Memoria\contenido/cap6/arquitectura.aux)
(H:\ProyectoFinCarrera\Memoria\contenido/cap7/experimentacion.aux)
(H:\ProyectoFinCarrera\Memoria\contenido/cap8/conclusiones.aux)
(H:\ProyectoFinCarrera\Memoria\contenido/apendiceA/manualUsuario.aux)
(H:\ProyectoFinCarrera\Memoria\contenido/apendiceB/apendiceB.aux))
LaTeX Font Info:    Checking defaults for OML/cmm/m/it on input line 33.
LaTeX Font Info:    ... okay on input line 33.
LaTeX Font Info:    Checking defaults for T1/cmr/m/n on input line 33.
LaTeX Font Info:    ... okay on input line 33.
LaTeX Font Info:    Checking defaults for OT1/cmr/m/n on input line 33.
LaTeX Font Info:    ... okay on input line 33.
LaTeX Font Info:    Checking defaults for OMS/cmsy/m/n on input line 33.
LaTeX Font Info:    ... okay on input line 33.
LaTeX Font Info:    Checking defaults for OMX/cmex/m/n on input line 33.
LaTeX Font Info:    ... okay on input line 33.
LaTeX Font Info:    Checking defaults for U/cmr/m/n on input line 33.
LaTeX Font Info:    ... okay on input line 33.
LaTeX Font Info:    Checking defaults for TS1/cmr/m/n on input line 33.
LaTeX Font Info:    Try loading font information for TS1+cmr on input line 33.

("C:\Program Files (x86)\MiKTeX 2.9\tex\latex\base\ts1cmr.fd"
File: ts1cmr.fd 1999/05/25 v2.5h Standard LaTeX font definitions
)
LaTeX Font Info:    ... okay on input line 33.
LaTeX Font Info:    Checking defaults for PD1/pdf/m/n on input line 33.
LaTeX Font Info:    ... okay on input line 33.
LaTeX Font Info:    Try loading font information for T1+ptm on input line 33.

("C:\Program Files (x86)\MiKTeX 2.9\tex\latex\psnfss\t1ptm.fd"
File: t1ptm.fd 2001/06/04 font definitions for T1/ptm.
)
*geometry* driver: auto-detecting
*geometry* detected driver: dvips
*geometry* verbose mode - [ preamble ] result:
* driver: dvips
* paper: a4paper
* layout: <same size as paper>
* layoutoffset:(h,v)=(0.0pt,0.0pt)
* modes: 
* h-part:(L,W,R)=(71.13188pt, 455.24411pt, 71.13188pt)
* v-part:(T,H,B)=(71.13188pt, 702.78308pt, 71.13188pt)
* \paperwidth=597.50787pt
* \paperheight=845.04684pt
* \textwidth=455.24411pt
* \textheight=702.78308pt
* \oddsidemargin=-1.1381pt
* \evensidemargin=-1.1381pt
* \topmargin=-1.1381pt
* \headheight=0.0pt
* \headsep=0.0pt
* \topskip=12.0pt
* \footskip=30.0pt
* \marginparwidth=35.0pt
* \marginparsep=10.0pt
* \columnsep=10.0pt
* \skip\footins=10.8pt plus 4.0pt minus 2.0pt
* \hoffset=0.0pt
* \voffset=0.0pt
* \mag=1000
* \@twocolumnfalse
* \@twosidefalse
* \@mparswitchfalse
* \@reversemarginfalse
* (1in=72.27pt=25.4mm, 1cm=28.453pt)

("C:\Program Files (x86)\MiKTeX 2.9\tex\latex\unicode\ucsencs.def"
File: ucsencs.def 2003/11/29 Fixes to fontencodings LGR, T3
)
Package caption Info: Begin \AtBeginDocument code.
Package caption Info: subfig package v1.3 is loaded.
Package caption Info: hyperref package is loaded.
Package caption Info: End \AtBeginDocument code.
\AtBeginShipoutBox=\box30
Package hyperref Info: Link coloring OFF on input line 33.

("C:\Program Files (x86)\MiKTeX 2.9\tex\latex\hyperref\nameref.sty"
Package: nameref 2010/04/30 v2.40 Cross-referencing by name of section

("C:\Program Files (x86)\MiKTeX 2.9\tex\generic\oberdiek\gettitlestring.sty"
Package: gettitlestring 2010/12/03 v1.4 Cleanup title references (HO)
)
\c@section@level=\count132
)
LaTeX Info: Redefining \ref on input line 33.
LaTeX Info: Redefining \pageref on input line 33.
LaTeX Info: Redefining \nameref on input line 33.

(H:\ProyectoFinCarrera\Memoria\pfc.out) (H:\ProyectoFinCarrera\Memoria\pfc.out)
\@outlinefile=\write4
(H:\ProyectoFinCarrera\Memoria\contenido/pagina1/pagina1.tex
LaTeX Font Info:    Font shape `T1/ptm/bx/n' in size <12> not available
(Font)              Font shape `T1/ptm/b/n' tried instead on input line 2.

("C:\Program Files (x86)\MiKTeX 2.9\tex\latex\unicode\data\uni-0.def"
File: uni-0.def 2004/10/17 UCS: Unicode data U+0000..U+00FF
))
[1


] (H:\ProyectoFinCarrera\Memoria\contenido/pagina2/pagina2.tex
LaTeX Font Info:    Try loading font information for TS1+ptm on input line 14.

("C:\Program Files (x86)\MiKTeX 2.9\tex\latex\psnfss\ts1ptm.fd"
File: ts1ptm.fd 2001/06/04 font definitions for TS1/ptm.
)) [2


]
LaTeX Font Info:    Font shape `T1/ptm/bx/n' in size <24.88> not available
(Font)              Font shape `T1/ptm/b/n' tried instead on input line 41.

(H:\ProyectoFinCarrera\Memoria\pfc.toc
LaTeX Font Info:    Try loading font information for OT1+ztmcm on input line 3.


("C:\Program Files (x86)\MiKTeX 2.9\tex\latex\psnfss\ot1ztmcm.fd"
File: ot1ztmcm.fd 2000/01/03 Fontinst v1.801 font definitions for OT1/ztmcm.
)
LaTeX Font Info:    Try loading font information for OML+ztmcm on input line 3.


("C:\Program Files (x86)\MiKTeX 2.9\tex\latex\psnfss\omlztmcm.fd"
File: omlztmcm.fd 2000/01/03 Fontinst v1.801 font definitions for OML/ztmcm.
)
LaTeX Font Info:    Try loading font information for OMS+ztmcm on input line 3.


("C:\Program Files (x86)\MiKTeX 2.9\tex\latex\psnfss\omsztmcm.fd"
File: omsztmcm.fd 2000/01/03 Fontinst v1.801 font definitions for OMS/ztmcm.
)
LaTeX Font Info:    Try loading font information for OMX+ztmcm on input line 3.


("C:\Program Files (x86)\MiKTeX 2.9\tex\latex\psnfss\omxztmcm.fd"
File: omxztmcm.fd 2000/01/03 Fontinst v1.801 font definitions for OMX/ztmcm.
)
LaTeX Font Info:    Try loading font information for OT1+ptm on input line 3.

("C:\Program Files (x86)\MiKTeX 2.9\tex\latex\psnfss\ot1ptm.fd"
File: ot1ptm.fd 2001/06/04 font definitions for OT1/ptm.
)
LaTeX Font Info:    Font shape `OT1/ptm/bx/n' in size <12> not available
(Font)              Font shape `OT1/ptm/b/n' tried instead on input line 3.
LaTeX Font Info:    Font shape `OT1/ptm/bx/n' in size <9> not available
(Font)              Font shape `OT1/ptm/b/n' tried instead on input line 3.
LaTeX Font Info:    Font shape `OT1/ptm/bx/n' in size <7> not available
(Font)              Font shape `OT1/ptm/b/n' tried instead on input line 3.
LaTeX Font Info:    Try loading font information for U+lasy on input line 3.

("C:\Program Files (x86)\MiKTeX 2.9\tex\latex\base\ulasy.fd"
File: ulasy.fd 1998/08/17 v2.2e LaTeX symbol font definitions
) [3


] [4])
\tf@toc=\write5
 [5]
(H:\ProyectoFinCarrera\Memoria\pfc.lof [6

])
\tf@lof=\write6
 [7]
(H:\ProyectoFinCarrera\Memoria\pfc.lot)
\tf@lot=\write7
 [8

]
(H:\ProyectoFinCarrera\Memoria\contenido/cap1/introduccion.tex
Cap\'{\i }tulo 1.
LaTeX Font Info:    Font shape `T1/ptm/bx/n' in size <17.28> not available
(Font)              Font shape `T1/ptm/b/n' tried instead on input line 6.
[9


]
LaTeX Font Info:    Font shape `OT1/ptm/bx/n' in size <10> not available
(Font)              Font shape `OT1/ptm/b/n' tried instead on input line 31.
LaTeX Font Info:    Font shape `OT1/ptm/bx/n' in size <7.4> not available
(Font)              Font shape `OT1/ptm/b/n' tried instead on input line 31.
LaTeX Font Info:    Font shape `OT1/ptm/bx/n' in size <6> not available
(Font)              Font shape `OT1/ptm/b/n' tried instead on input line 31.
 [10] [11]) [12] (H:\ProyectoFinCarrera\Memoria\contenido/cap2/juegos.tex
Cap\'{\i }tulo 2.
[13



] [14] (H:\ProyectoFinCarrera\Memoria\contenido/cap2/conecta4.tex
LaTeX Font Info:    Font shape `T1/ptm/bx/n' in size <14.4> not available
(Font)              Font shape `T1/ptm/b/n' tried instead on input line 7.
)
(H:\ProyectoFinCarrera\Memoria\contenido/cap2/go.tex [15]
LaTeX Font Info:    Font shape `T1/ptm/bx/it' in size <12> not available
(Font)              Font shape `T1/ptm/b/it' tried instead on input line 28.
File: contenido/cap2/imagenes/suicidio.eps Graphic file (type eps)

<contenido/cap2/imagenes/suicidio.eps>
Underfull \hbox (badness 3148) in paragraph at lines 38--38
[]\T1/ptm/m/n/12 Figura 2.1: |Si-tua-ción de sui-ci-dio.
 []

File: contenido/cap2/imagenes/no_suicidio.eps Graphic file (type eps)
<contenido/cap2/imagenes/no_suicidio.eps>
File: contenido/cap2/imagenes/ko1.eps Graphic file (type eps)
 <contenido/cap2/imagenes/ko1.eps>
File: contenido/cap2/imagenes/ko2.eps Graphic file (type eps)

<contenido/cap2/imagenes/ko2.eps> [16] [17])) [18]
(H:\ProyectoFinCarrera\Memoria\contenido/cap3/algoritmos.tex
Cap\'{\i }tulo 3.
[19



]
File: contenido/cap3/imagenes/game_tree.eps Graphic file (type eps)
 <contenido/cap3/imagenes/game_tree.eps>

LaTeX Warning: `h' float specifier changed to `ht'.

[20] [21] [22] (H:\ProyectoFinCarrera\Memoria\contenido/cap3/minimax.tex
[23]
File: contenido/cap3/imagenes/minimax.eps Graphic file (type eps)
 <contenido/cap3/imagenes/minimax.eps> [24] [25])
(H:\ProyectoFinCarrera\Memoria\contenido/cap3/podaAlfaBeta.tex [26]
File: contenido/cap3/imagenes/podaalfabeta.eps Graphic file (type eps)

<contenido/cap3/imagenes/podaalfabeta.eps>

LaTeX Warning: `h' float specifier changed to `ht'.

[27]) (H:\ProyectoFinCarrera\Memoria\contenido/cap3/tablasTransposicion.tex
[28] [29]) (H:\ProyectoFinCarrera\Memoria\contenido/cap3/montecarlo.tex
[30] [31]
File: contenido/cap3/imagenes/mcts1.eps Graphic file (type eps)
 <contenido/cap3/imagenes/mcts1.eps> [32]
LaTeX Font Info:    Try loading font information for U+dsrom on input line 87.

("C:\Program Files (x86)\MiKTeX 2.9\tex\latex\dstroke\udsrom.fd"
File: Udsrom.fd 1995/08/01 v0.1 Double stroke roman font definitions
) [33] [34]
File: contenido/cap3/imagenes/mcts2.eps Graphic file (type eps)

<contenido/cap3/imagenes/mcts2.eps>

LaTeX Warning: `h' float specifier changed to `ht'.

[35] [36] [37

])) [38]
(H:\ProyectoFinCarrera\Memoria\contenido/cap4/heuristicos.tex
Cap\'{\i }tulo 4.
[39



] [40] [41] [42] [43]
File: contenido/cap4/imagenes/posibilidadesConecta3_01.eps Graphic file (type e
ps)

<contenido/cap4/imagenes/posibilidadesConecta3_01.eps>
File: contenido/cap4/imagenes/posibilidadesConecta3_03.eps Graphic file (type e
ps)

<contenido/cap4/imagenes/posibilidadesConecta3_03.eps>
File: contenido/cap4/imagenes/posibilidadesConecta3_02.eps Graphic file (type e
ps)

<contenido/cap4/imagenes/posibilidadesConecta3_02.eps>
File: contenido/cap4/imagenes/posibilidadesConecta3_01b.eps Graphic file (type 
eps)

<contenido/cap4/imagenes/posibilidadesConecta3_01b.eps>
File: contenido/cap4/imagenes/posibilidadesConecta3_03b.eps Graphic file (type 
eps)

<contenido/cap4/imagenes/posibilidadesConecta3_03b.eps>
File: contenido/cap4/imagenes/posibilidadesConecta3_02b.eps Graphic file (type 
eps)

<contenido/cap4/imagenes/posibilidadesConecta3_02b.eps>
File: contenido/cap4/imagenes/matrizPosibilidades_Conecta3.eps Graphic file (ty
pe eps)

<contenido/cap4/imagenes/matrizPosibilidades_Conecta3.eps> [44] [45] [46])
[47] (H:\ProyectoFinCarrera\Memoria\contenido/cap5/especificacion.tex
Cap\'{\i }tulo 5.
[48



] [49]
Underfull \hbox (badness 4779) in paragraph at lines 68--68
[]\T1/ptm/m/n/12 Prof. máx.
 []


Underfull \hbox (badness 2884) in paragraph at lines 68--68
[]\T1/ptm/m/n/12 N\TS1/ptm/m/n/12 º \T1/ptm/m/n/12 si-mu-la-
 []


Underfull \hbox (badness 10000) in paragraph at lines 68--68
[]\T1/ptm/m/n/12 Límite
 []

[50]
File: contenido/cap5/imagenes/principales.eps Graphic file (type eps)
 <contenido/cap5/imagenes/principales.eps> [51]
File: contenido/cap5/imagenes/seleccionarJuego.eps Graphic file (type eps)

<contenido/cap5/imagenes/seleccionarJuego.eps> [52]
File: contenido/cap5/imagenes/seleccionarEstrategia.eps Graphic file (type eps)


<contenido/cap5/imagenes/seleccionarEstrategia.eps>
Underfull \hbox (badness 10000) in paragraph at lines 189--191

 []

) [53] (H:\ProyectoFinCarrera\Memoria\contenido/cap6/arquitectura.tex
Cap\'{\i }tulo 6.
File: contenido/cap6/imagenes/diagramaclases_juegos.eps Graphic file (type eps)

<contenido/cap6/imagenes/diagramaclases_juegos.eps>
LaTeX Font Info:    Try loading font information for T1+cmtt on input line 40.

("C:\Program Files (x86)\MiKTeX 2.9\tex\latex\base\t1cmtt.fd"
File: t1cmtt.fd 1999/05/25 v2.5h Standard LaTeX font definitions
) [54



] [55]
File: contenido/cap6/imagenes/diagramaclases_estrategias.eps Graphic file (type
 eps)

<contenido/cap6/imagenes/diagramaclases_estrategias.eps> [56] [57]
File: contenido/cap6/imagenes/diagramaclases_heuristicos.eps Graphic file (type
 eps)

<contenido/cap6/imagenes/diagramaclases_heuristicos.eps> [58] [59]
File: contenido/cap6/imagenes/diagramaclases_gui.eps Graphic file (type eps)

<contenido/cap6/imagenes/diagramaclases_gui.eps>) [60] [61]
(H:\ProyectoFinCarrera\Memoria\contenido/cap7/experimentacion.tex
Cap\'{\i }tulo 7.

Overfull \hbox (6.64609pt too wide) in paragraph at lines 23--25
[]\T1/ptm/m/n/12 Las ta-blas []7.1[] y []7.2[] pre-sen-tan los re-sul-ta-dos de
 las prue-bas rea-li-za-das con el \T1/cmtt/m/n/12 JugadorEvaluar
 []


LaTeX Warning: `!h' float specifier changed to `!ht'.

File: contenido/cap7/imagenes/heuristicosConecta4jug1.eps Graphic file (type ep
s)
<contenido/cap7/imagenes/heuristicosConecta4jug1.eps>

LaTeX Warning: `!h' float specifier changed to `!ht'.


LaTeX Warning: `!h' float specifier changed to `!ht'.

File: contenido/cap7/imagenes/heuristicosConecta4jug2.eps Graphic file (type ep
s)
<contenido/cap7/imagenes/heuristicosConecta4jug2.eps>

LaTeX Warning: `!h' float specifier changed to `!ht'.

[62



] [63]
File: contenido/cap7/imagenes/heuristicosGojug1.eps Graphic file (type eps)
 <contenido/cap7/imagenes/heuristicosGojug1.eps>
File: contenido/cap7/imagenes/heuristicosGojug2.eps Graphic file (type eps)

<contenido/cap7/imagenes/heuristicosGojug2.eps>

LaTeX Warning: `!h' float specifier changed to `!ht'.

[64]
LaTeX Font Info:    Font shape `T1/ptm/bx/n' in size <10> not available
(Font)              Font shape `T1/ptm/b/n' tried instead on input line 156.
LaTeX Font Info:    Font shape `TS1/ptm/bx/n' in size <10> not available
(Font)              Font shape `TS1/ptm/b/n' tried instead on input line 156.

Overfull \hbox (7.245pt too wide) in paragraph at lines 154--182
 [][] 
 []


Overfull \hbox (7.245pt too wide) in paragraph at lines 190--218
 [][] 
 []

File: contenido/cap7/imagenes/entrenamientoSecuencia1.eps Graphic file (type ep
s)
<contenido/cap7/imagenes/entrenamientoSecuencia1.eps>
File: contenido/cap7/imagenes/entrenamientoSecuencia2.eps Graphic file (type ep
s)

<contenido/cap7/imagenes/entrenamientoSecuencia2.eps>
File: contenido/cap7/imagenes/entrenamientoSecuencia3.eps Graphic file (type ep
s)

<contenido/cap7/imagenes/entrenamientoSecuencia3.eps> [65]
File: contenido/cap7/imagenes/entrenamientosResultados.eps Graphic file (type e
ps)

<contenido/cap7/imagenes/entrenamientosResultados.eps> [66]
File: contenido/cap7/imagenes/ckEstadoInicial.eps Graphic file (type eps)

<contenido/cap7/imagenes/ckEstadoInicial.eps>
LaTeX Font Info:    Font shape `TS1/ptm/bx/n' in size <12> not available
(Font)              Font shape `TS1/ptm/b/n' tried instead on input line 353.
 [67]
File: contenido/cap7/imagenes/ckEstadoInicialMovimiento.eps Graphic file (type 
eps)

<contenido/cap7/imagenes/ckEstadoInicialMovimiento.eps>
File: contenido/cap7/imagenes/ckEstadoActual.eps Graphic file (type eps)

<contenido/cap7/imagenes/ckEstadoActual.eps>

LaTeX Warning: `!h' float specifier changed to `!ht'.


LaTeX Warning: `!h' float specifier changed to `!ht'.

[68]
File: contenido/cap7/imagenes/ckEstadoActualMovimiento.eps Graphic file (type e
ps)
 <contenido/cap7/imagenes/ckEstadoActualMovimiento.eps>

LaTeX Warning: `!h' float specifier changed to `!ht'.

[69] [70]
File: contenido/cap7/imagenes/montecarlo1.eps Graphic file (type eps)
 <contenido/cap7/imagenes/montecarlo1.eps>
File: contenido/cap7/imagenes/montecarlo2.eps Graphic file (type eps)

<contenido/cap7/imagenes/montecarlo2.eps>

LaTeX Warning: `!h' float specifier changed to `!ht'.

[71]
File: contenido/cap7/imagenes/estrategiasGo1.eps Graphic file (type eps)
 <contenido/cap7/imagenes/estrategiasGo1.eps>

LaTeX Warning: `!h' float specifier changed to `!ht'.

File: contenido/cap7/imagenes/estrategiasGo2.eps Graphic file (type eps)
<contenido/cap7/imagenes/estrategiasGo2.eps>

LaTeX Warning: `!h' float specifier changed to `!ht'.

) [72] [73] (H:\ProyectoFinCarrera\Memoria\contenido/cap8/conclusiones.tex
Cap\'{\i }tulo 8.
[74



] [75]) [76]
(H:\ProyectoFinCarrera\Memoria\contenido/apendiceA/manualUsuario.tex [77




]
Ap\'{e}ndice A.
File: contenido/apendiceA/imagenes/ventanaPrincipal.eps Graphic file (type eps)

<contenido/apendiceA/imagenes/ventanaPrincipal.eps>

LaTeX Warning: `!h' float specifier changed to `!ht'.

[78

] [79]
File: contenido/apendiceA/imagenes/ventanaEstrategias.eps Graphic file (type ep
s)
 <contenido/apendiceA/imagenes/ventanaEstrategias.eps>
Overfull \hbox (32.63869pt too wide) in paragraph at lines 80--82
[]\T1/ptm/m/n/12 En el ca-so de que el heu-rís-ti-co per-mi-ta con-fi-gu-rar su
s pa-rá-me-tros se ac-ti-va la op-ción \T1/cmtt/m/n/12 ``Configurar''
 []

File: contenido/apendiceA/imagenes/ventanaEvaluador.eps Graphic file (type eps)

<contenido/apendiceA/imagenes/ventanaEvaluador.eps> [80]
File: contenido/apendiceA/imagenes/ventanaJuego.eps Graphic file (type eps)

<contenido/apendiceA/imagenes/ventanaJuego.eps>

LaTeX Warning: `!h' float specifier changed to `!ht'.

[81]
File: contenido/apendiceA/imagenes/ventanaSimulacion.eps Graphic file (type eps
)
 <contenido/apendiceA/imagenes/ventanaSimulacion.eps> [82]
File: contenido/apendiceA/imagenes/ventanaAnalisis.eps Graphic file (type eps)

<contenido/apendiceA/imagenes/ventanaAnalisis.eps> [83]
File: contenido/apendiceA/imagenes/estadisticasJugar.eps Graphic file (type eps
)

<contenido/apendiceA/imagenes/estadisticasJugar.eps>
File: contenido/apendiceA/imagenes/estadisticasSimulacion.eps Graphic file (typ
e eps)

<contenido/apendiceA/imagenes/estadisticasSimulacion.eps>
File: contenido/apendiceA/imagenes/estadisticasAnalisis.eps Graphic file (type 
eps)

<contenido/apendiceA/imagenes/estadisticasAnalisis.eps>) [84]
(H:\ProyectoFinCarrera\Memoria\contenido/apendiceB/apendiceB.tex
Ap\'{e}ndice B.
[85



] [86] [87] [88]
Overfull \hbox (2.98642pt too wide) in paragraph at lines 141--142
[]\T1/ptm/m/n/12 Para los ju-ga-do-res que ne-ce-si-ten de un heu-rís-ti-co pue
-de ex-ten-der-se la cla-se \T1/cmtt/m/n/12 JugadorEvaluar
 []

[89] [90] [91] [92]) [93] (H:\ProyectoFinCarrera\Memoria\ref.bbl
Underfull \hbox (badness 10000) in paragraph at lines 10--12
[]\T1/ptm/m/it/12 Encog Ma-chi-ne Lear-ning Fra-me-work\T1/ptm/m/n/12 .  https:
//github.com/encog,
 []

[94


]
Underfull \hbox (badness 10000) in paragraph at lines 73--76
[]\T1/ptm/m/n/12 John Tromp y Bill Tay-lor.  \T1/ptm/m/it/12 Tromp-Taylor ru-le
s of go\T1/ptm/m/n/12 .
 []

) [95] (H:\ProyectoFinCarrera\Memoria\pfc.bbl)
Package atveryend Info: Empty hook `BeforeClearDocument' on input line 96.
 [96

]
Package atveryend Info: Empty hook `AfterLastShipout' on input line 96.

(H:\ProyectoFinCarrera\Memoria\pfc.aux
(H:\ProyectoFinCarrera\Memoria\contenido/pagina1/pagina1.aux)
(H:\ProyectoFinCarrera\Memoria\contenido/pagina2/pagina2.aux)
(H:\ProyectoFinCarrera\Memoria\contenido/cap1/introduccion.aux)
(H:\ProyectoFinCarrera\Memoria\contenido/cap2/juegos.aux)
(H:\ProyectoFinCarrera\Memoria\contenido/cap3/algoritmos.aux)
(H:\ProyectoFinCarrera\Memoria\contenido/cap4/heuristicos.aux)
(H:\ProyectoFinCarrera\Memoria\contenido/cap5/especificacion.aux)
(H:\ProyectoFinCarrera\Memoria\contenido/cap6/arquitectura.aux)
(H:\ProyectoFinCarrera\Memoria\contenido/cap7/experimentacion.aux)
(H:\ProyectoFinCarrera\Memoria\contenido/cap8/conclusiones.aux)
(H:\ProyectoFinCarrera\Memoria\contenido/apendiceA/manualUsuario.aux)
(H:\ProyectoFinCarrera\Memoria\contenido/apendiceB/apendiceB.aux))
Package atveryend Info: Empty hook `AtVeryEndDocument' on input line 96.
Package atveryend Info: Executing hook `AtEndAfterFileList' on input line 96.
Package rerunfilecheck Info: File `pfc.out' has not changed.
(rerunfilecheck)             Checksum: D742E234952E97DD4C8EBDF36A9DD8C4;6618.
 ) 
Here is how much of TeX's memory you used:
 9977 strings out of 494046
 155869 string characters out of 3145986
 263048 words of memory out of 3000000
 12911 multiletter control sequences out of 15000+200000
 61300 words of font info for 101 fonts, out of 3000000 for 9000
 717 hyphenation exceptions out of 8191
 46i,12n,48p,697b,653s stack positions out of 5000i,500n,10000p,200000b,50000s

Output written on pfc.dvi (96 pages, 326140 bytes).
